05:01:21.233 looping-lyrics.js:17 OLD MACDONALD
05:01:21.236 looping-lyrics.js:20 
05:01:21.237 looping-lyrics.js:21 Old MacDonald had farm, E-I-E-I-O
05:01:21.237 looping-lyrics.js:22 And on his farm he had a cow, E-I-E-I-O
05:01:21.238 looping-lyrics.js:23 With a moo moo here
05:01:21.238 looping-lyrics.js:24 And a moo moo there
05:01:21.244 looping-lyrics.js:25 Here a moo, There a moo
05:01:21.245 looping-lyrics.js:26 Every where a moo moo
05:01:21.246 looping-lyrics.js:27 Old MacDonald had farm, E-I-E-I-O
05:01:21.246 looping-lyrics.js:20 
05:01:21.247 looping-lyrics.js:21 Old MacDonald had farm, E-I-E-I-O
05:01:21.247 looping-lyrics.js:22 And on his farm he had a pig, E-I-E-I-O
05:01:21.247 looping-lyrics.js:23 With a oink oink here
05:01:21.248 looping-lyrics.js:24 And a oink oink there
05:01:21.248 looping-lyrics.js:25 Here a oink, There a oink
05:01:21.248 looping-lyrics.js:26 Every where a oink oink
05:01:21.249 looping-lyrics.js:27 Old MacDonald had farm, E-I-E-I-O
05:01:21.249 looping-lyrics.js:20 
05:01:21.249 looping-lyrics.js:21 Old MacDonald had farm, E-I-E-I-O
05:01:21.249 looping-lyrics.js:22 And on his farm he had a duck, E-I-E-I-O
05:01:21.250 looping-lyrics.js:23 With a quack quack here
05:01:21.250 looping-lyrics.js:24 And a quack quack there
05:01:21.250 looping-lyrics.js:25 Here a quack, There a quack
05:01:21.251 looping-lyrics.js:26 Every where a quack quack
05:01:21.251 looping-lyrics.js:27 Old MacDonald had farm, E-I-E-I-O
05:01:21.252 looping-lyrics.js:31 
05:01:21.252 looping-lyrics.js:32 BINGO
05:01:21.252 looping-lyrics.js:37 
05:01:21.253 looping-lyrics.js:38 There was a farmer who had a dog,
05:01:21.253 looping-lyrics.js:39 And Bingo was his name-o.
05:01:21.253 looping-lyrics.js:46 B-I-N-G-O
05:01:21.254 looping-lyrics.js:46 B-I-N-G-O
05:01:21.254 looping-lyrics.js:46 B-I-N-G-O
05:01:21.254 looping-lyrics.js:49 And Bingo was his name-o.
05:01:21.255 looping-lyrics.js:37 
05:01:21.255 looping-lyrics.js:38 There was a farmer who had a dog,
05:01:21.256 looping-lyrics.js:39 And Bingo was his name-o.
05:01:21.256 looping-lyrics.js:46 (clap)-I-N-G-O
05:01:21.256 looping-lyrics.js:46 (clap)-I-N-G-O
05:01:21.257 looping-lyrics.js:46 (clap)-I-N-G-O
05:01:21.257 looping-lyrics.js:49 And Bingo was his name-o.
05:01:21.257 looping-lyrics.js:37 
05:01:21.257 looping-lyrics.js:38 There was a farmer who had a dog,
05:01:21.258 looping-lyrics.js:39 And Bingo was his name-o.
05:01:21.258 looping-lyrics.js:46 (clap)-(clap)-N-G-O
05:01:21.259 looping-lyrics.js:46 (clap)-(clap)-N-G-O
05:01:21.259 looping-lyrics.js:46 (clap)-(clap)-N-G-O
05:01:21.259 looping-lyrics.js:49 And Bingo was his name-o.
05:01:21.260 looping-lyrics.js:37 
05:01:21.260 looping-lyrics.js:38 There was a farmer who had a dog,
05:01:21.260 looping-lyrics.js:39 And Bingo was his name-o.
05:01:21.261 looping-lyrics.js:46 (clap)-(clap)-(clap)-G-O
05:01:21.261 looping-lyrics.js:46 (clap)-(clap)-(clap)-G-O
05:01:21.262 looping-lyrics.js:46 (clap)-(clap)-(clap)-G-O
05:01:21.262 looping-lyrics.js:49 And Bingo was his name-o.
05:01:21.263 looping-lyrics.js:37 
05:01:21.263 looping-lyrics.js:38 There was a farmer who had a dog,
05:01:21.264 looping-lyrics.js:39 And Bingo was his name-o.
05:01:21.265 looping-lyrics.js:46 (clap)-(clap)-(clap)-(clap)-O
05:01:21.266 looping-lyrics.js:46 (clap)-(clap)-(clap)-(clap)-O
05:01:21.268 looping-lyrics.js:46 (clap)-(clap)-(clap)-(clap)-O
05:01:21.269 looping-lyrics.js:49 And Bingo was his name-o.
05:01:21.270 looping-lyrics.js:37 
05:01:21.270 looping-lyrics.js:38 There was a farmer who had a dog,
05:01:21.270 looping-lyrics.js:39 And Bingo was his name-o.
05:01:21.271 looping-lyrics.js:46 (clap)-(clap)-(clap)-(clap)-(clap)
05:01:21.271 looping-lyrics.js:46 (clap)-(clap)-(clap)-(clap)-(clap)
05:01:21.271 looping-lyrics.js:46 (clap)-(clap)-(clap)-(clap)-(clap)
05:01:21.272 looping-lyrics.js:49 And Bingo was his name-o.
05:01:21.272 looping-lyrics.js:53 
05:01:21.272 looping-lyrics.js:54 12 DAYS OF CHRISTMAS
05:01:21.272 looping-lyrics.js:87 
05:01:21.273 looping-lyrics.js:88 On the first day of Christmas
05:01:21.273 looping-lyrics.js:89 my true love gave to me
05:01:21.274 looping-lyrics.js:94 A partridge in a pear tree
05:01:21.276 looping-lyrics.js:87 
05:01:21.278 looping-lyrics.js:88 On the second day of Christmas
05:01:21.278 looping-lyrics.js:89 my true love gave to me
05:01:21.279 looping-lyrics.js:94 Two turtle doves
05:01:21.279 looping-lyrics.js:92 And a partridge in a pear tree
05:01:21.279 looping-lyrics.js:87 
05:01:21.280 looping-lyrics.js:88 On the third day of Christmas
05:01:21.280 looping-lyrics.js:89 my true love gave to me
05:01:21.280 looping-lyrics.js:94 Three french hens
05:01:21.281 looping-lyrics.js:94 Two turtle doves
05:01:21.281 looping-lyrics.js:92 And a partridge in a pear tree
05:01:21.281 looping-lyrics.js:87 
05:01:21.282 looping-lyrics.js:88 On the fourth day of Christmas
05:01:21.282 looping-lyrics.js:89 my true love gave to me
05:01:21.283 looping-lyrics.js:94 Four calling birds
05:01:21.283 looping-lyrics.js:94 Three french hens
05:01:21.283 looping-lyrics.js:94 Two turtle doves
05:01:21.284 looping-lyrics.js:92 And a partridge in a pear tree
05:01:21.284 looping-lyrics.js:87 
05:01:21.284 looping-lyrics.js:88 On the fifth day of Christmas
05:01:21.285 looping-lyrics.js:89 my true love gave to me
05:01:21.285 looping-lyrics.js:94 Five gold rings
05:01:21.285 looping-lyrics.js:94 Four calling birds
05:01:21.286 looping-lyrics.js:94 Three french hens
05:01:21.286 looping-lyrics.js:94 Two turtle doves
05:01:21.287 looping-lyrics.js:92 And a partridge in a pear tree
05:01:21.287 looping-lyrics.js:87 
05:01:21.287 looping-lyrics.js:88 On the sixth day of Christmas
05:01:21.288 looping-lyrics.js:89 my true love gave to me
05:01:21.288 looping-lyrics.js:94 Six geese a-laying
05:01:21.289 looping-lyrics.js:94 Five gold rings
05:01:21.289 looping-lyrics.js:94 Four calling birds
05:01:21.289 looping-lyrics.js:94 Three french hens
05:01:21.290 looping-lyrics.js:94 Two turtle doves
05:01:21.290 looping-lyrics.js:92 And a partridge in a pear tree
05:01:21.290 looping-lyrics.js:87 
05:01:21.291 looping-lyrics.js:88 On the seventh day of Christmas
05:01:21.291 looping-lyrics.js:89 my true love gave to me
05:01:21.292 looping-lyrics.js:94 Seven swans a-swimming
05:01:21.292 looping-lyrics.js:94 Six geese a-laying
05:01:21.293 looping-lyrics.js:94 Five gold rings
05:01:21.293 looping-lyrics.js:94 Four calling birds
05:01:21.294 looping-lyrics.js:94 Three french hens
05:01:21.294 looping-lyrics.js:94 Two turtle doves
05:01:21.294 looping-lyrics.js:92 And a partridge in a pear tree
05:01:21.295 looping-lyrics.js:87 
05:01:21.296 looping-lyrics.js:88 On the eighth day of Christmas
05:01:21.297 looping-lyrics.js:89 my true love gave to me
05:01:21.297 looping-lyrics.js:94 Eight maids a-milking
05:01:21.297 looping-lyrics.js:94 Seven swans a-swimming
05:01:21.297 looping-lyrics.js:94 Six geese a-laying
05:01:21.298 looping-lyrics.js:94 Five gold rings
05:01:21.298 looping-lyrics.js:94 Four calling birds
05:01:21.298 looping-lyrics.js:94 Three french hens
05:01:21.298 looping-lyrics.js:94 Two turtle doves
05:01:21.299 looping-lyrics.js:92 And a partridge in a pear tree
05:01:21.299 looping-lyrics.js:87 
05:01:21.299 looping-lyrics.js:88 On the ninth day of Christmas
05:01:21.299 looping-lyrics.js:89 my true love gave to me
05:01:21.300 looping-lyrics.js:94 Nine ladies dancing
05:01:21.300 looping-lyrics.js:94 Eight maids a-milking
05:01:21.300 looping-lyrics.js:94 Seven swans a-swimming
05:01:21.300 looping-lyrics.js:94 Six geese a-laying
05:01:21.300 looping-lyrics.js:94 Five gold rings
05:01:21.301 looping-lyrics.js:94 Four calling birds
05:01:21.301 looping-lyrics.js:94 Three french hens
05:01:21.301 looping-lyrics.js:94 Two turtle doves
05:01:21.301 looping-lyrics.js:92 And a partridge in a pear tree
05:01:21.302 looping-lyrics.js:87 
05:01:21.302 looping-lyrics.js:88 On the tenth day of Christmas
05:01:21.302 looping-lyrics.js:89 my true love gave to me
05:01:21.302 looping-lyrics.js:94 Ten lords a-leaping
05:01:21.303 looping-lyrics.js:94 Nine ladies dancing
05:01:21.303 looping-lyrics.js:94 Eight maids a-milking
05:01:21.303 looping-lyrics.js:94 Seven swans a-swimming
05:01:21.303 looping-lyrics.js:94 Six geese a-laying
05:01:21.303 looping-lyrics.js:94 Five gold rings
05:01:21.303 looping-lyrics.js:94 Four calling birds
05:01:21.304 looping-lyrics.js:94 Three french hens
05:01:21.304 looping-lyrics.js:94 Two turtle doves
05:01:21.304 looping-lyrics.js:92 And a partridge in a pear tree
05:01:21.305 looping-lyrics.js:87 
05:01:21.305 looping-lyrics.js:88 On the eleventh day of Christmas
05:01:21.305 looping-lyrics.js:89 my true love gave to me
05:01:21.305 looping-lyrics.js:94 Eleven pipers piping
05:01:21.305 looping-lyrics.js:94 Ten lords a-leaping
05:01:21.305 looping-lyrics.js:94 Nine ladies dancing
05:01:21.306 looping-lyrics.js:94 Eight maids a-milking
05:01:21.306 looping-lyrics.js:94 Seven swans a-swimming
05:01:21.306 looping-lyrics.js:94 Six geese a-laying
05:01:21.306 looping-lyrics.js:94 Five gold rings
05:01:21.306 looping-lyrics.js:94 Four calling birds
05:01:21.307 looping-lyrics.js:94 Three french hens
05:01:21.307 looping-lyrics.js:94 Two turtle doves
05:01:21.307 looping-lyrics.js:92 And a partridge in a pear tree
05:01:21.307 looping-lyrics.js:87 
05:01:21.307 looping-lyrics.js:88 On the twelveth day of Christmas
05:01:21.308 looping-lyrics.js:89 my true love gave to me
05:01:21.308 looping-lyrics.js:94 Twelve drummers drumming
05:01:21.308 looping-lyrics.js:94 Eleven pipers piping
05:01:21.309 looping-lyrics.js:94 Ten lords a-leaping
05:01:21.309 looping-lyrics.js:94 Nine ladies dancing
05:01:21.310 looping-lyrics.js:94 Eight maids a-milking
05:01:21.310 looping-lyrics.js:94 Seven swans a-swimming
05:01:21.310 looping-lyrics.js:94 Six geese a-laying
05:01:21.310 looping-lyrics.js:94 Five gold rings
05:01:21.311 looping-lyrics.js:94 Four calling birds
05:01:21.311 looping-lyrics.js:94 Three french hens
05:01:21.311 looping-lyrics.js:94 Two turtle doves
05:01:21.311 looping-lyrics.js:92 And a partridge in a pear tree
